Построение начато 23.09.2013 18:39:39.
     1>Проект "C:\pla\phpLexAnalyzer\phpLexAnalyzer\phpLexAnalyzer.vcxproj" в узле 2 (целевые объекты build).
     1>InitializeBuildStatus:
         Создание "Debug\phpLexAnalyzer.unsuccessfulbuild", так как было задано "AlwaysCreate".
       ClCompile:
         D:\vs10\VC\bin\CL.exe /c /ZI /nologo /W3 /WX- /Od /Oy- /D _MBCS /Gm /EHsc /RTC1 /MDd /GS /fp:precise /Zc:wchar_t /Zc:forScope /Fo"Debug\\" /Fd"Debug\vc100.pdb" /Gd /TC /analyze- /errorReport:prompt lex.yy.c
         lex.yy.c
     1>flexInput.txt(50): warning C4996: 'strcat': This function or variable may be unsafe. Consider using strcat_s instead. To disable deprecation, use _CRT_SECURE_NO_WARNINGS. See online help for details.
                 d:\vs10\vc\include\string.h(110): см. объявление "strcat"
     1>flexInput.txt(51): warning C4996: 'strcat': This function or variable may be unsafe. Consider using strcat_s instead. To disable deprecation, use _CRT_SECURE_NO_WARNINGS. See online help for details.
                 d:\vs10\vc\include\string.h(110): см. объявление "strcat"
     1>flexInput.txt(52): warning C4996: 'strcat': This function or variable may be unsafe. Consider using strcat_s instead. To disable deprecation, use _CRT_SECURE_NO_WARNINGS. See online help for details.
                 d:\vs10\vc\include\string.h(110): см. объявление "strcat"
     1>flexInput.txt(55): warning C4996: 'strcpy': This function or variable may be unsafe. Consider using strcpy_s instead. To disable deprecation, use _CRT_SECURE_NO_WARNINGS. See online help for details.
                 d:\vs10\vc\include\string.h(105): см. объявление "strcpy"
     1>flexInput.txt(56): warning C4996: 'strcat': This function or variable may be unsafe. Consider using strcat_s instead. To disable deprecation, use _CRT_SECURE_NO_WARNINGS. See online help for details.
                 d:\vs10\vc\include\string.h(110): см. объявление "strcat"
     1>flexInput.txt(57): warning C4996: 'strcat': This function or variable may be unsafe. Consider using strcat_s instead. To disable deprecation, use _CRT_SECURE_NO_WARNINGS. See online help for details.
                 d:\vs10\vc\include\string.h(110): см. объявление "strcat"
     1>flexInput.txt(58): warning C4996: 'strcat': This function or variable may be unsafe. Consider using strcat_s instead. To disable deprecation, use _CRT_SECURE_NO_WARNINGS. See online help for details.
                 d:\vs10\vc\include\string.h(110): см. объявление "strcat"
     1>flexInput.txt(61): warning C4996: 'strcpy': This function or variable may be unsafe. Consider using strcpy_s instead. To disable deprecation, use _CRT_SECURE_NO_WARNINGS. See online help for details.
                 d:\vs10\vc\include\string.h(105): см. объявление "strcpy"
     1>flexInput.txt(62): warning C4996: 'strcat': This function or variable may be unsafe. Consider using strcat_s instead. To disable deprecation, use _CRT_SECURE_NO_WARNINGS. See online help for details.
                 d:\vs10\vc\include\string.h(110): см. объявление "strcat"
     1>flexInput.txt(63): warning C4996: 'strcat': This function or variable may be unsafe. Consider using strcat_s instead. To disable deprecation, use _CRT_SECURE_NO_WARNINGS. See online help for details.
                 d:\vs10\vc\include\string.h(110): см. объявление "strcat"
     1>flexInput.txt(64): warning C4996: 'strcat': This function or variable may be unsafe. Consider using strcat_s instead. To disable deprecation, use _CRT_SECURE_NO_WARNINGS. See online help for details.
                 d:\vs10\vc\include\string.h(110): см. объявление "strcat"
     1>flexInput.txt(17): warning C4101: number: неиспользованная локальная переменная
     1>lex.yy.c(1902): warning C4013: exit: нет определения; предполагается "extern" с возвратом типа "int"
     1>lex.yy.c(1949): warning C4013: malloc: нет определения; предполагается "extern" с возвратом типа "int"
     1>lex.yy.c(1967): warning C4013: realloc: нет определения; предполагается "extern" с возвратом типа "int"
     1>lex.yy.c(1977): warning C4013: free: нет определения; предполагается "extern" с возвратом типа "int"
     1>flexInput.txt(81): warning C4996: 'strcpy': This function or variable may be unsafe. Consider using strcpy_s instead. To disable deprecation, use _CRT_SECURE_NO_WARNINGS. See online help for details.
                 d:\vs10\vc\include\string.h(105): см. объявление "strcpy"
     1>flexInput.txt(82): warning C4996: 'strcat': This function or variable may be unsafe. Consider using strcat_s instead. To disable deprecation, use _CRT_SECURE_NO_WARNINGS. See online help for details.
                 d:\vs10\vc\include\string.h(110): см. объявление "strcat"
     1>flexInput.txt(87): warning C4996: 'strcat': This function or variable may be unsafe. Consider using strcat_s instead. To disable deprecation, use _CRT_SECURE_NO_WARNINGS. See online help for details.
                 d:\vs10\vc\include\string.h(110): см. объявление "strcat"
         D:\vs10\VC\bin\CL.exe /c /ZI /nologo /W3 /WX- /Od /Oy- /D _MBCS /Gm /EHsc /RTC1 /MDd /GS /fp:precise /Zc:wchar_t /Zc:forScope /Fo"Debug\\" /Fd"Debug\vc100.pdb" /Gd /TP /analyze- /errorReport:prompt main.cpp
         Пропуск... (изменения не обнаружены)
         main.cpp
       Link:
         D:\vs10\VC\bin\link.exe /ERRORREPORT:PROMPT /OUT:"C:\pla\phpLexAnalyzer\Debug\phpLexAnalyzer.exe" /NOLOGO kernel32.lib user32.lib gdi32.lib winspool.lib comdlg32.lib advapi32.lib shell32.lib ole32.lib oleaut32.lib uuid.lib odbc32.lib odbccp32.lib /MANIFEST /ManifestFile:"Debug\phpLexAnalyzer.exe.intermediate.manifest" /MANIFESTUAC:"level='asInvoker' uiAccess='false'" /DEBUG /PDB:"C:\pla\phpLexAnalyzer\Debug\phpLexAnalyzer.pdb" /TLBID:1 /DYNAMICBASE /NXCOMPAT /IMPLIB:"C:\pla\phpLexAnalyzer\Debug\phpLexAnalyzer.lib" /MACHINE:X86 Debug\lex.yy.obj
         Debug\main.obj
         LINK : не найден или не выполнена сборка C:\pla\phpLexAnalyzer\Debug\phpLexAnalyzer.exe при последней инкрементной компоновке; выполняется полная компоновка
         phpLexAnalyzer.vcxproj -> C:\pla\phpLexAnalyzer\Debug\phpLexAnalyzer.exe
       Manifest:
         C:\Program Files\Microsoft SDKs\Windows\v7.0A\bin\mt.exe /nologo /verbose /outputresource:"C:\pla\phpLexAnalyzer\Debug\phpLexAnalyzer.exe;#1" /manifest Debug\phpLexAnalyzer.exe.intermediate.manifest
       FinalizeBuildStatus:
         Файл "Debug\phpLexAnalyzer.unsuccessfulbuild" удаляется.
         Обращение к "Debug\phpLexAnalyzer.lastbuildstate".
     1>Построение проекта "C:\pla\phpLexAnalyzer\phpLexAnalyzer\phpLexAnalyzer.vcxproj" завершено (целевые объекты build).

Построение успешно завершено.

Затраченное время: 00:00:01.92
